TN:
SF:src/app/app.component.ts
FNF:0
FNH:0
DA:1,1
DA:2,1
DA:12,1
DA:13,2
LF:4
LH:4
BRF:0
BRH:0
end_of_record
TN:
SF:src/app/core/guard/auth.guard.ts
FN:9,(anonymous_0)
FNF:1
FNH:1
FNDA:2,(anonymous_0)
DA:1,1
DA:2,1
DA:7,1
DA:9,1
DA:10,2
DA:11,2
DA:13,2
DA:14,1
DA:17,1
LF:9
LH:9
BRDA:13,0,0,1
BRF:1
BRH:1
end_of_record
TN:
SF:src/app/core/interceptor/auth.interceptor.ts
FN:6,(anonymous_0)
FNF:1
FNH:1
FNDA:3,(anonymous_0)
DA:1,1
DA:4,1
DA:6,1
DA:10,3
DA:12,3
DA:14,3
DA:18,2
DA:21,1
DA:27,1
LF:9
LH:9
BRDA:14,0,0,2
BRDA:15,1,0,3
BRDA:15,1,1,2
BRF:3
BRH:3
end_of_record
TN:
SF:src/app/core/service/auth.service.ts
FN:14,(anonymous_0)
FN:16,(anonymous_1)
FN:20,(anonymous_2)
FN:24,(anonymous_3)
FN:28,(anonymous_4)
FN:32,(anonymous_5)
FNF:6
FNH:6
FNDA:3,(anonymous_0)
FNDA:1,(anonymous_1)
FNDA:2,(anonymous_2)
FNDA:4,(anonymous_3)
FNDA:2,(anonymous_4)
FNDA:1,(anonymous_5)
DA:1,4
DA:2,4
DA:10,4
DA:12,3
DA:14,3
DA:17,1
DA:21,2
DA:25,4
DA:29,2
DA:33,1
LF:10
LH:10
BRF:0
BRH:0
end_of_record
TN:
SF:src/app/core/service/student.service.ts
FN:15,(anonymous_0)
FN:17,(anonymous_1)
FN:24,(anonymous_2)
FN:30,(anonymous_3)
FN:36,(anonymous_4)
FN:46,(anonymous_5)
FNF:6
FNH:6
FNDA:5,(anonymous_0)
FNDA:1,(anonymous_1)
FNDA:1,(anonymous_2)
FNDA:1,(anonymous_3)
FNDA:1,(anonymous_4)
FNDA:1,(anonymous_5)
DA:1,4
DA:2,4
DA:11,4
DA:13,5
DA:15,5
DA:18,1
DA:25,1
DA:31,1
DA:40,1
DA:47,1
LF:10
LH:10
BRF:0
BRH:0
end_of_record
TN:
SF:src/app/core/service/user.service.ts
FN:10,(anonymous_0)
FN:12,(anonymous_1)
FNF:2
FNH:2
FNDA:1,(anonymous_0)
FNDA:1,(anonymous_1)
DA:1,2
DA:3,2
DA:9,2
DA:10,1
DA:13,1
LF:5
LH:5
BRF:0
BRH:0
end_of_record
TN:
SF:src/app/pages/home/home.component.ts
FNF:0
FNH:0
DA:1,1
DA:2,1
DA:11,1
LF:3
LH:3
BRF:0
BRH:0
end_of_record
TN:
SF:src/app/pages/login/login.component.ts
FN:37,(anonymous_0)
FN:44,(anonymous_1)
FN:48,(anonymous_2)
FN:67,(anonymous_3)
FN:70,(anonymous_4)
FN:74,(anonymous_5)
FNF:6
FNH:6
FNDA:5,(anonymous_0)
FNDA:6,(anonymous_1)
FNDA:4,(anonymous_2)
FNDA:3,(anonymous_3)
FNDA:1,(anonymous_4)
FNDA:2,(anonymous_5)
DA:1,1
DA:2,1
DA:3,1
DA:4,1
DA:5,1
DA:7,1
DA:8,1
DA:11,1
DA:23,1
DA:25,5
DA:26,5
DA:27,5
DA:28,5
DA:30,5
DA:32,5
DA:33,5
DA:34,5
DA:35,5
DA:38,5
DA:45,6
DA:49,4
DA:50,4
DA:51,4
DA:53,4
DA:54,1
DA:57,3
DA:62,3
DA:64,3
DA:67,3
DA:71,1
DA:72,1
DA:75,2
DA:76,1
DA:78,1
LF:34
LH:34
BRDA:53,0,0,1
BRDA:75,1,0,1
BRDA:75,1,1,1
BRF:3
BRH:3
end_of_record
TN:
SF:src/app/pages/register/register.component.ts
FN:25,(anonymous_0)
FN:36,(anonymous_1)
FN:40,(anonymous_2)
FN:54,(anonymous_3)
FN:60,(anonymous_4)
FNF:5
FNH:4
FNDA:5,(anonymous_0)
FNDA:0,(anonymous_1)
FNDA:2,(anonymous_2)
FNDA:1,(anonymous_3)
FNDA:1,(anonymous_4)
DA:1,1
DA:2,1
DA:3,1
DA:4,1
DA:5,1
DA:7,1
DA:8,1
DA:17,1
DA:18,5
DA:19,5
DA:20,5
DA:21,5
DA:22,5
DA:23,5
DA:26,5
DA:37,0
DA:41,2
DA:42,2
DA:43,1
DA:45,1
DA:51,1
DA:55,1
DA:61,1
DA:62,1
LF:24
LH:23
BRDA:42,0,0,1
BRF:1
BRH:1
end_of_record
TN:
SF:src/app/pages/students/student-detail/student-detail.component.ts
FN:47,(anonymous_0)
FN:59,(anonymous_1)
FN:63,(anonymous_2)
FN:71,(anonymous_3)
FN:87,(anonymous_4)
FN:90,(anonymous_5)
FNF:6
FNH:6
FNDA:6,(anonymous_0)
FNDA:5,(anonymous_1)
FNDA:1,(anonymous_2)
FNDA:4,(anonymous_3)
FNDA:1,(anonymous_4)
FNDA:1,(anonymous_5)
DA:1,1
DA:7,1
DA:8,1
DA:13,1
DA:15,1
DA:28,1
DA:31,6
DA:34,6
DA:37,6
DA:40,6
DA:42,6
DA:44,6
DA:45,6
DA:48,6
DA:52,6
DA:54,6
DA:60,5
DA:61,5
DA:64,1
DA:66,1
DA:72,4
DA:73,1
DA:76,3
DA:79,1
DA:82,2
DA:88,1
DA:91,1
LF:27
LH:27
BRDA:72,0,0,1
BRDA:76,1,0,1
BRF:2
BRH:2
end_of_record
TN:
SF:src/app/pages/students/student-form/student-form.component.ts
FN:51,(anonymous_0)
FN:67,(anonymous_1)
FN:71,(anonymous_2)
FN:81,(anonymous_3)
FN:84,(anonymous_4)
FN:90,(anonymous_5)
FN:97,(anonymous_6)
FN:120,(anonymous_7)
FN:123,(anonymous_8)
FN:129,(anonymous_9)
FN:136,(anonymous_10)
FNF:11
FNH:11
FNDA:8,(anonymous_0)
FNDA:6,(anonymous_1)
FNDA:3,(anonymous_2)
FNDA:3,(anonymous_3)
FNDA:2,(anonymous_4)
FNDA:1,(anonymous_5)
FNDA:4,(anonymous_6)
FNDA:3,(anonymous_7)
FNDA:2,(anonymous_8)
FNDA:1,(anonymous_9)
FNDA:1,(anonymous_10)
DA:1,1
DA:2,1
DA:8,1
DA:13,1
DA:17,1
DA:18,1
DA:20,1
DA:21,1
DA:34,1
DA:36,8
DA:37,8
DA:38,8
DA:39,8
DA:40,8
DA:42,8
DA:44,8
DA:45,8
DA:47,8
DA:48,8
DA:49,8
DA:52,8
DA:57,8
DA:59,8
DA:60,3
DA:61,3
DA:63,3
DA:68,6
DA:72,3
DA:73,0
DA:76,3
DA:78,3
DA:81,3
DA:85,2
DA:91,1
DA:98,4
DA:99,4
DA:101,4
DA:102,1
DA:105,3
DA:110,3
DA:113,3
DA:117,3
DA:120,3
DA:124,2
DA:130,1
DA:137,1
LF:46
LH:45
BRDA:59,0,0,3
BRDA:72,1,0,0
BRDA:101,2,0,1
BRDA:113,3,0,1
BRDA:113,3,1,2
BRDA:113,4,0,3
BRDA:113,4,1,1
BRF:7
BRH:6
end_of_record
TN:
SF:src/app/pages/students/student-list/student-list.component.ts
FN:39,(anonymous_0)
FN:43,(anonymous_1)
FN:52,(anonymous_2)
FN:56,(anonymous_3)
FNF:4
FNH:4
FNDA:3,(anonymous_0)
FNDA:5,(anonymous_1)
FNDA:4,(anonymous_2)
FNDA:1,(anonymous_3)
DA:1,1
DA:8,1
DA:9,1
DA:11,1
DA:14,1
DA:26,1
DA:29,3
DA:32,3
DA:34,3
DA:36,3
DA:37,3
DA:40,3
DA:44,5
DA:45,5
DA:47,5
DA:53,4
DA:54,4
DA:57,1
DA:59,1
LF:19
LH:19
BRF:0
BRH:0
end_of_record
